<?xml version="1.0" encoding="utf-8"?><testsuites name="pytest tests"><testsuite name="pytest" errors="130" failures="0" skipped="0" tests="130" time="89.017" timestamp="2026-06-16T09:54:19.328011+05:30" hostname="Sanjayreddy"><testcase classname="tests.test_from_testcases" name="test_case[TC1]" time="86.845"><error message="failed on setup with &quot;selenium.common.exceptions.NoSuchDriverException: Message: Unable to obtain driver for chrome; For documentation on this error, please visit: https://www.selenium.dev/documentation/webdriver/troubleshooting/errors/driver_location&quot;">self = &lt;selenium.webdriver.common.driver_finder.DriverFinder object at 0x000001D5CE7BEA50&gt;

    def _binary_paths(self) -&gt; dict:
        if self._paths["driver_path"]:
            return self._paths
    
        browser = self._options.capabilities["browserName"]
        try:
            path = self._service.path
            if path:
                logger.debug(
                    "Skipping Selenium Manager; path to %s driver specified in Service class: %s", browser, path
                )
                if not Path(path).is_file():
                    raise ValueError(f"The path is not a valid file: {path}")
                self._paths["driver_path"] = path
            else:
&gt;               output = SeleniumManager().binary_paths(self._to_args())
                         ^^^^^^^^^^^^^^^^^^^^^^^^^^^^^^^^^^^^^^^^^^^^^^^

C:\Users\sanja\AppData\Local\Programs\Python\Python313\Lib\site-packages\selenium\webdriver\common\driver_finder.py:67: 
_ _ _ _ _ _ _ _ _ _ _ _ _ _ _ _ _ _ _ _ _ _ _ _ _ _ _ _ _ _ _ _ _ _ _ _ _ _ _ _
C:\Users\sanja\AppData\Local\Programs\Python\Python313\Lib\site-packages\selenium\webdriver\common\selenium_manager.py:55: in binary_paths
    return self._run(args)
           ^^^^^^^^^^^^^^^
_ _ _ _ _ _ _ _ _ _ _ _ _ _ _ _ _ _ _ _ _ _ _ _ _ _ _ _ _ _ _ _ _ _ _ _ _ _ _ _

args = ['C:\\Users\\sanja\\AppData\\Local\\Programs\\Python\\Python313\\Lib\\site-packages\\selenium\\webdriver\\common\\windows\\selenium-manager.exe', '--browser', 'chrome', '--language-binding', 'python', '--output', ...]

    @staticmethod
    def _run(args: list[str]) -&gt; dict:
        """Executes the Selenium Manager Binary.
    
        Args:
            args: the components of the command being executed.
    
        Returns:
            The log string containing the driver location.
        """
        command = " ".join(args)
        logger.debug("Executing process: %s", command)
        try:
            if sys.platform == "win32":
                completed_proc = subprocess.run(args, capture_output=True, creationflags=subprocess.CREATE_NO_WINDOW)
            else:
                completed_proc = subprocess.run(args, capture_output=True)
            stdout = completed_proc.stdout.decode("utf-8").rstrip("\n")
            stderr = completed_proc.stderr.decode("utf-8").rstrip("\n")
            output = json.loads(stdout) if stdout != "" else {"logs": [], "result": {}}
        except Exception as err:
            raise WebDriverException(f"Unsuccessful command executed: {command}") from err
    
        SeleniumManager._process_logs(output["logs"])
        result = output["result"]
        if completed_proc.returncode:
&gt;           raise WebDriverException(
                f"Unsuccessful command executed: {command}; code: {completed_proc.returncode}\n{result}\n{stderr}"
            )
E           selenium.common.exceptions.WebDriverException: Message: Unsuccessful command executed: C:\Users\sanja\AppData\Local\Programs\Python\Python313\Lib\site-packages\selenium\webdriver\common\windows\selenium-manager.exe --browser chrome --language-binding python --output json; code: 65
E           {'code': 65, 'message': 'There is not enough space on the disk. (os error 112)', 'driver_path': '', 'browser_path': ''}

C:\Users\sanja\AppData\Local\Programs\Python\Python313\Lib\site-packages\selenium\webdriver\common\selenium_manager.py:154: WebDriverException

The above exception was the direct cause of the following exception:

    @pytest.fixture(scope="session")
    def driver():
        opts = Options()
        # run headless by default for CI
        if os.environ.get("HEADLESS", "1") == "1":
            opts.add_argument("--headless=new")
        opts.add_argument("--no-sandbox")
        opts.add_argument("--disable-dev-shm-usage")
        opts.add_argument("--window-size=1366,768")
    
&gt;       driver = webdriver.Chrome(options=opts)
                 ^^^^^^^^^^^^^^^^^^^^^^^^^^^^^^

conftest.py:22: 
_ _ _ _ _ _ _ _ _ _ _ _ _ _ _ _ _ _ _ _ _ _ _ _ _ _ _ _ _ _ _ _ _ _ _ _ _ _ _ _
C:\Users\sanja\AppData\Local\Programs\Python\Python313\Lib\site-packages\selenium\webdriver\chrome\webdriver.py:45: in __init__
    super().__init__(
C:\Users\sanja\AppData\Local\Programs\Python\Python313\Lib\site-packages\selenium\webdriver\chromium\webdriver.py:50: in __init__
    if finder.get_browser_path():
       ^^^^^^^^^^^^^^^^^^^^^^^^^
C:\Users\sanja\AppData\Local\Programs\Python\Python313\Lib\site-packages\selenium\webdriver\common\driver_finder.py:47: in get_browser_path
    return self._binary_paths()["browser_path"]
           ^^^^^^^^^^^^^^^^^^^^
_ _ _ _ _ _ _ _ _ _ _ _ _ _ _ _ _ _ _ _ _ _ _ _ _ _ _ _ _ _ _ _ _ _ _ _ _ _ _ _

self = &lt;selenium.webdriver.common.driver_finder.DriverFinder object at 0x000001D5CE7BEA50&gt;

    def _binary_paths(self) -&gt; dict:
        if self._paths["driver_path"]:
            return self._paths
    
        browser = self._options.capabilities["browserName"]
        try:
            path = self._service.path
            if path:
                logger.debug(
                    "Skipping Selenium Manager; path to %s driver specified in Service class: %s", browser, path
                )
                if not Path(path).is_file():
                    raise ValueError(f"The path is not a valid file: {path}")
                self._paths["driver_path"] = path
            else:
                output = SeleniumManager().binary_paths(self._to_args())
                if Path(output["driver_path"]).is_file():
                    self._paths["driver_path"] = output["driver_path"]
                else:
                    raise ValueError(f"The driver path is not a valid file: {output['driver_path']}")
                if Path(output["browser_path"]).is_file():
                    self._paths["browser_path"] = output["browser_path"]
                else:
                    raise ValueError(f"The browser path is not a valid file: {output['browser_path']}")
        except Exception as err:
            msg = f"Unable to obtain driver for {browser}"
&gt;           raise NoSuchDriverException(msg) from err
E           selenium.common.exceptions.NoSuchDriverException: Message: Unable to obtain driver for chrome; For documentation on this error, please visit: https://www.selenium.dev/documentation/webdriver/troubleshooting/errors/driver_location

C:\Users\sanja\AppData\Local\Programs\Python\Python313\Lib\site-packages\selenium\webdriver\common\driver_finder.py:78: NoSuchDriverException</error></testcase><testcase classname="tests.test_from_testcases" name="test_case[TC2]" time="0.001"><error message="failed on setup with &quot;selenium.common.exceptions.NoSuchDriverException: Message: Unable to obtain driver for chrome; For documentation on this error, please visit: https://www.selenium.dev/documentation/webdriver/troubleshooting/errors/driver_location&quot;">self = &lt;selenium.webdriver.common.driver_finder.DriverFinder object at 0x000001D5CE7BEA50&gt;

    def _binary_paths(self) -&gt; dict:
        if self._paths["driver_path"]:
            return self._paths
    
        browser = self._options.capabilities["browserName"]
        try:
            path = self._service.path
            if path:
                logger.debug(
                    "Skipping Selenium Manager; path to %s driver specified in Service class: %s", browser, path
                )
                if not Path(path).is_file():
                    raise ValueError(f"The path is not a valid file: {path}")
                self._paths["driver_path"] = path
            else:
&gt;               output = SeleniumManager().binary_paths(self._to_args())
                         ^^^^^^^^^^^^^^^^^^^^^^^^^^^^^^^^^^^^^^^^^^^^^^^

C:\Users\sanja\AppData\Local\Programs\Python\Python313\Lib\site-packages\selenium\webdriver\common\driver_finder.py:67: 
_ _ _ _ _ _ _ _ _ _ _ _ _ _ _ _ _ _ _ _ _ _ _ _ _ _ _ _ _ _ _ _ _ _ _ _ _ _ _ _
C:\Users\sanja\AppData\Local\Programs\Python\Python313\Lib\site-packages\selenium\webdriver\common\selenium_manager.py:55: in binary_paths
    return self._run(args)
           ^^^^^^^^^^^^^^^
_ _ _ _ _ _ _ _ _ _ _ _ _ _ _ _ _ _ _ _ _ _ _ _ _ _ _ _ _ _ _ _ _ _ _ _ _ _ _ _

args = ['C:\\Users\\sanja\\AppData\\Local\\Programs\\Python\\Python313\\Lib\\site-packages\\selenium\\webdriver\\common\\windows\\selenium-manager.exe', '--browser', 'chrome', '--language-binding', 'python', '--output', ...]

    @staticmethod
    def _run(args: list[str]) -&gt; dict:
        """Executes the Selenium Manager Binary.
    
        Args:
            args: the components of the command being executed.
    
        Returns:
            The log string containing the driver location.
        """
        command = " ".join(args)
        logger.debug("Executing process: %s", command)
        try:
            if sys.platform == "win32":
                completed_proc = subprocess.run(args, capture_output=True, creationflags=subprocess.CREATE_NO_WINDOW)
            else:
                completed_proc = subprocess.run(args, capture_output=True)
            stdout = completed_proc.stdout.decode("utf-8").rstrip("\n")
            stderr = completed_proc.stderr.decode("utf-8").rstrip("\n")
            output = json.loads(stdout) if stdout != "" else {"logs": [], "result": {}}
        except Exception as err:
            raise WebDriverException(f"Unsuccessful command executed: {command}") from err
    
        SeleniumManager._process_logs(output["logs"])
        result = output["result"]
        if completed_proc.returncode:
&gt;           raise WebDriverException(
                f"Unsuccessful command executed: {command}; code: {completed_proc.returncode}\n{result}\n{stderr}"
            )
E           selenium.common.exceptions.WebDriverException: Message: Unsuccessful command executed: C:\Users\sanja\AppData\Local\Programs\Python\Python313\Lib\site-packages\selenium\webdriver\common\windows\selenium-manager.exe --browser chrome --language-binding python --output json; code: 65
E           {'code': 65, 'message': 'There is not enough space on the disk. (os error 112)', 'driver_path': '', 'browser_path': ''}

C:\Users\sanja\AppData\Local\Programs\Python\Python313\Lib\site-packages\selenium\webdriver\common\selenium_manager.py:154: WebDriverException

The above exception was the direct cause of the following exception:

    @pytest.fixture(scope="session")
    def driver():
        opts = Options()
        # run headless by default for CI
        if os.environ.get("HEADLESS", "1") == "1":
            opts.add_argument("--headless=new")
        opts.add_argument("--no-sandbox")
        opts.add_argument("--disable-dev-shm-usage")
        opts.add_argument("--window-size=1366,768")
    
&gt;       driver = webdriver.Chrome(options=opts)
                 ^^^^^^^^^^^^^^^^^^^^^^^^^^^^^^

conftest.py:22: 
_ _ _ _ _ _ _ _ _ _ _ _ _ _ _ _ _ _ _ _ _ _ _ _ _ _ _ _ _ _ _ _ _ _ _ _ _ _ _ _
C:\Users\sanja\AppData\Local\Programs\Python\Python313\Lib\site-packages\selenium\webdriver\chrome\webdriver.py:45: in __init__
    super().__init__(
C:\Users\sanja\AppData\Local\Programs\Python\Python313\Lib\site-packages\selenium\webdriver\chromium\webdriver.py:50: in __init__
    if finder.get_browser_path():
       ^^^^^^^^^^^^^^^^^^^^^^^^^
C:\Users\sanja\AppData\Local\Programs\Python\Python313\Lib\site-packages\selenium\webdriver\common\driver_finder.py:47: in get_browser_path
    return self._binary_paths()["browser_path"]
           ^^^^^^^^^^^^^^^^^^^^
_ _ _ _ _ _ _ _ _ _ _ _ _ _ _ _ _ _ _ _ _ _ _ _ _ _ _ _ _ _ _ _ _ _ _ _ _ _ _ _

self = &lt;selenium.webdriver.common.driver_finder.DriverFinder object at 0x000001D5CE7BEA50&gt;

    def _binary_paths(self) -&gt; dict:
        if self._paths["driver_path"]:
            return self._paths
    
        browser = self._options.capabilities["browserName"]
        try:
            path = self._service.path
            if path:
                logger.debug(
                    "Skipping Selenium Manager; path to %s driver specified in Service class: %s", browser, path
                )
                if not Path(path).is_file():
                    raise ValueError(f"The path is not a valid file: {path}")
                self._paths["driver_path"] = path
            else:
                output = SeleniumManager().binary_paths(self._to_args())
                if Path(output["driver_path"]).is_file():
                    self._paths["driver_path"] = output["driver_path"]
                else:
                    raise ValueError(f"The driver path is not a valid file: {output['driver_path']}")
                if Path(output["browser_path"]).is_file():
                    self._paths["browser_path"] = output["browser_path"]
                else:
                    raise ValueError(f"The browser path is not a valid file: {output['browser_path']}")
        except Exception as err:
            msg = f"Unable to obtain driver for {browser}"
&gt;           raise NoSuchDriverException(msg) from err
E           selenium.common.exceptions.NoSuchDriverException: Message: Unable to obtain driver for chrome; For documentation on this error, please visit: https://www.selenium.dev/documentation/webdriver/troubleshooting/errors/driver_location

C:\Users\sanja\AppData\Local\Programs\Python\Python313\Lib\site-packages\selenium\webdriver\common\driver_finder.py:78: NoSuchDriverException</error></testcase><testcase classname="tests.test_from_testcases" name="test_case[TC3]" time="0.000"><error message="failed on setup with &quot;selenium.common.exceptions.NoSuchDriverException: Message: Unable to obtain driver for chrome; For documentation on this error, please visit: https://www.selenium.dev/documentation/webdriver/troubleshooting/errors/driver_location&quot;">self = &lt;selenium.webdriver.common.driver_finder.DriverFinder object at 0x000001D5CE7BEA50&gt;

    def _binary_paths(self) -&gt; dict:
        if self._paths["driver_path"]:
            return self._paths
    
        browser = self._options.capabilities["browserName"]
        try:
            path = self._service.path
            if path:
                logger.debug(
                    "Skipping Selenium Manager; path to %s driver specified in Service class: %s", browser, path
                )
                if not Path(path).is_file():
                    raise ValueError(f"The path is not a valid file: {path}")
                self._paths["driver_path"] = path
            else:
&gt;               output = SeleniumManager().binary_paths(self._to_args())
                         ^^^^^^^^^^^^^^^^^^^^^^^^^^^^^^^^^^^^^^^^^^^^^^^

C:\Users\sanja\AppData\Local\Programs\Python\Python313\Lib\site-packages\selenium\webdriver\common\driver_finder.py:67: 
_ _ _ _ _ _ _ _ _ _ _ _ _ _ _ _ _ _ _ _ _ _ _ _ _ _ _ _ _ _ _ _ _ _ _ _ _ _ _ _
C:\Users\sanja\AppData\Local\Programs\Python\Python313\Lib\site-packages\selenium\webdriver\common\selenium_manager.py:55: in binary_paths
    return self._run(args)
           ^^^^^^^^^^^^^^^
_ _ _ _ _ _ _ _ _ _ _ _ _ _ _ _ _ _ _ _ _ _ _ _ _ _ _ _ _ _ _ _ _ _ _ _ _ _ _ _

args = ['C:\\Users\\sanja\\AppData\\Local\\Programs\\Python\\Python313\\Lib\\site-packages\\selenium\\webdriver\\common\\windows\\selenium-manager.exe', '--browser', 'chrome', '--language-binding', 'python', '--output', ...]

    @staticmethod
    def _run(args: list[str]) -&gt; dict:
        """Executes the Selenium Manager Binary.
    
        Args:
            args: the components of the command being executed.
    
        Returns:
            The log string containing the driver location.
        """
        command = " ".join(args)
        logger.debug("Executing process: %s", command)
        try:
            if sys.platform == "win32":
                completed_proc = subprocess.run(args, capture_output=True, creationflags=subprocess.CREATE_NO_WINDOW)
            else:
                completed_proc = subprocess.run(args, capture_output=True)
            stdout = completed_proc.stdout.decode("utf-8").rstrip("\n")
            stderr = completed_proc.stderr.decode("utf-8").rstrip("\n")
            output = json.loads(stdout) if stdout != "" else {"logs": [], "result": {}}
        except Exception as err:
            raise WebDriverException(f"Unsuccessful command executed: {command}") from err
    
        SeleniumManager._process_logs(output["logs"])
        result = output["result"]
        if completed_proc.returncode:
&gt;           raise WebDriverException(
                f"Unsuccessful command executed: {command}; code: {completed_proc.returncode}\n{result}\n{stderr}"
            )
E           selenium.common.exceptions.WebDriverException: Message: Unsuccessful command executed: C:\Users\sanja\AppData\Local\Programs\Python\Python313\Lib\site-packages\selenium\webdriver\common\windows\selenium-manager.exe --browser chrome --language-binding python --output json; code: 65
E           {'code': 65, 'message': 'There is not enough space on the disk. (os error 112)', 'driver_path': '', 'browser_path': ''}

C:\Users\sanja\AppData\Local\Programs\Python\Python313\Lib\site-packages\selenium\webdriver\common\selenium_manager.py:154: WebDriverException

The above exception was the direct cause of the following exception:

    @pytest.fixture(scope="session")
    def driver():
        opts = Options()
        # run headless by default for CI
        if os.environ.get("HEADLESS", "1") == "1":
            opts.add_argument("--headless=new")
        opts.add_argument("--no-sandbox")
        opts.add_argument("--disable-dev-shm-usage")
        opts.add_argument("--window-size=1366,768")
    
&gt;       driver = webdriver.Chrome(options=opts)
                 ^^^^^^^^^^^^^^^^^^^^^^^^^^^^^^

conftest.py:22: 
_ _ _ _ _ _ _ _ _ _ _ _ _ _ _ _ _ _ _ _ _ _ _ _ _ _ _ _ _ _ _ _ _ _ _ _ _ _ _ _
C:\Users\sanja\AppData\Local\Programs\Python\Python313\Lib\site-packages\selenium\webdriver\chrome\webdriver.py:45: in __init__
    super().__init__(
C:\Users\sanja\AppData\Local\Programs\Python\Python313\Lib\site-packages\selenium\webdriver\chromium\webdriver.py:50: in __init__
    if finder.get_browser_path():
       ^^^^^^^^^^^^^^^^^^^^^^^^^
C:\Users\sanja\AppData\Local\Programs\Python\Python313\Lib\site-packages\selenium\webdriver\common\driver_finder.py:47: in get_browser_path
    return self._binary_paths()["browser_path"]
           ^^^^^^^^^^^^^^^^^^^^
_ _ _ _ _ _ _ _ _ _ _ _ _ _ _ _ _ _ _ _ _ _ _ _ _ _ _ _ _ _ _ _ _ _ _ _ _ _ _ _

self = &lt;selenium.webdriver.common.driver_finder.DriverFinder object at 0x000001D5CE7BEA50&gt;

    def _binary_paths(self) -&gt; dict:
        if self._paths["driver_path"]:
            return self._paths
    
        browser = self._options.capabilities["browserName"]
        try:
            path = self._service.path
            if path:
                logger.debug(
                    "Skipping Selenium Manager; path to %s driver specified in Service class: %s", browser, path
                )
                if not Path(path).is_file():
                    raise ValueError(f"The path is not a valid file: {path}")
                self._paths["driver_path"] = path
            else:
                output = SeleniumManager().binary_paths(self._to_args())
                if Path(output["driver_path"]).is_file():
                    self._paths["driver_path"] = output["driver_path"]
                else:
                    raise ValueError(f"The driver path is not a valid file: {output['driver_path']}")
                if Path(output["browser_path"]).is_file():
                    self._paths["browser_path"] = output["browser_path"]
                else:
                    raise ValueError(f"The browser path is not a valid file: {output['browser_path']}")
        except Exception as err:
            msg = f"Unable to obtain driver for {browser}"
&gt;           raise NoSuchDriverException(msg) from err
E           selenium.common.exceptions.NoSuchDriverException: Message: Unable to obtain driver for chrome; For documentation on this error, please visit: https://www.selenium.dev/documentation/webdriver/troubleshooting/errors/driver_location

C:\Users\sanja\AppData\Local\Programs\Python\Python313\Lib\site-packages\selenium\webdriver\common\driver_finder.py:78: NoSuchDriverException</error></testcase><testcase classname="tests.test_from_testcases" name="test_case[TC4]" time="0.001"><error message="failed on setup with &quot;selenium.common.exceptions.NoSuchDriverException: Message: Unable to obtain driver for chrome; For documentation on this error, please visit: https://www.selenium.dev/documentation/webdriver/troubleshooting/errors/driver_location&quot;">self = &lt;selenium.webdriver.common.driver_finder.DriverFinder object at 0x000001D5CE7BEA50&gt;

    def _binary_paths(self) -&gt; dict:
        if self._paths["driver_path"]:
            return self._paths
    
        browser = self._options.capabilities["browserName"]
        try:
            path = self._service.path
            if path:
                logger.debug(
                    "Skipping Selenium Manager; path to %s driver specified in Service class: %s", browser, path
                )
                if not Path(path).is_file():
                    raise ValueError(f"The path is not a valid file: {path}")
                self._paths["driver_path"] = path
            else:
&gt;               output = SeleniumManager().binary_paths(self._to_args())
                         ^^^^^^^^^^^^^^^^^^^^^^^^^^^^^^^^^^^^^^^^^^^^^^^

C:\Users\sanja\AppData\Local\Programs\Python\Python313\Lib\site-packages\selenium\webdriver\common\driver_finder.py:67: 
_ _ _ _ _ _ _ _ _ _ _ _ _ _ _ _ _ _ _ _ _ _ _ _ _ _ _ _ _ _ _ _ _ _ _ _ _ _ _ _
C:\Users\sanja\AppData\Local\Programs\Python\Python313\Lib\site-packages\selenium\webdriver\common\selenium_manager.py:55: in binary_paths
    return self._run(args)
           ^^^^^^^^^^^^^^^
_ _ _ _ _ _ _ _ _ _ _ _ _ _ _ _ _ _ _ _ _ _ _ _ _ _ _ _ _ _ _ _ _ _ _ _ _ _ _ _

args = ['C:\\Users\\sanja\\AppData\\Local\\Programs\\Python\\Python313\\Lib\\site-packages\\selenium\\webdriver\\common\\windows\\selenium-manager.exe', '--browser', 'chrome', '--language-binding', 'python', '--output', ...]

    @staticmethod
    def _run(args: list[str]) -&gt; dict:
        """Executes the Selenium Manager Binary.
    
        Args:
            args: the components of the command being executed.
    
        Returns:
            The log string containing the driver location.
        """
        command = " ".join(args)
        logger.debug("Executing process: %s", command)
        try:
            if sys.platform == "win32":
                completed_proc = subprocess.run(args, capture_output=True, creationflags=subprocess.CREATE_NO_WINDOW)
            else:
                completed_proc = subprocess.run(args, capture_output=True)
            stdout = completed_proc.stdout.decode("utf-8").rstrip("\n")
            stderr = completed_proc.stderr.decode("utf-8").rstrip("\n")
            output = json.loads(stdout) if stdout != "" else {"logs": [], "result": {}}
        except Exception as err:
            raise WebDriverException(f"Unsuccessful command executed: {command}") from err
    
        SeleniumManager._process_logs(output["logs"])
        result = output["result"]
        if completed_proc.returncode:
&gt;           raise WebDriverException(
                f"Unsuccessful command executed: {command}; code: {completed_proc.returncode}\n{result}\n{stderr}"
            )
E           selenium.common.exceptions.WebDriverException: Message: Unsuccessful command executed: C:\Users\sanja\AppData\Local\Programs\Python\Python313\Lib\site-packages\selenium\webdriver\common\windows\selenium-manager.exe --browser chrome --language-binding python --output json; code: 65
E           {'code': 65, 'message': 'There is not enough space on the disk. (os error 112)', 'driver_path': '', 'browser_path': ''}

C:\Users\sanja\AppData\Local\Programs\Python\Python313\Lib\site-packages\selenium\webdriver\common\selenium_manager.py:154: WebDriverException

The above exception was the direct cause of the following exception:

    @pytest.fixture(scope="session")
    def driver():
        opts = Options()
        # run headless by default for CI
        if os.environ.get("HEADLESS", "1") == "1":
            opts.add_argument("--headless=new")
        opts.add_argument("--no-sandbox")
        opts.add_argument("--disable-dev-shm-usage")
        opts.add_argument("--window-size=1366,768")
    
&gt;       driver = webdriver.Chrome(options=opts)
                 ^^^^^^^^^^^^^^^^^^^^^^^^^^^^^^

conftest.py:22: 
_ _ _ _ _ _ _ _ _ _ _ _ _ _ _ _ _ _ _ _ _ _ _ _ _ _ _ _ _ _ _ _ _ _ _ _ _ _ _ _
C:\Users\sanja\AppData\Local\Programs\Python\Python313\Lib\site-packages\selenium\webdriver\chrome\webdriver.py:45: in __init__
    super().__init__(
C:\Users\sanja\AppData\Local\Programs\Python\Python313\Lib\site-packages\selenium\webdriver\chromium\webdriver.py:50: in __init__
    if finder.get_browser_path():
       ^^^^^^^^^^^^^^^^^^^^^^^^^
C:\Users\sanja\AppData\Local\Programs\Python\Python313\Lib\site-packages\selenium\webdriver\common\driver_finder.py:47: in get_browser_path
    return self._binary_paths()["browser_path"]
           ^^^^^^^^^^^^^^^^^^^^
_ _ _ _ _ _ _ _ _ _ _ _ _ _ _ _ _ _ _ _ _ _ _ _ _ _ _ _ _ _ _ _ _ _ _ _ _ _ _ _

self = &lt;selenium.webdriver.common.driver_finder.DriverFinder object at 0x000001D5CE7BEA50&gt;

    def _binary_paths(self) -&gt; dict:
        if self._paths["driver_path"]:
            return self._paths
    
        browser = self._options.capabilities["browserName"]
        try:
            path = self._service.path
            if path:
                logger.debug(
                    "Skipping Selenium Manager; path to %s driver specified in Service class: %s", browser, path
                )
                if not Path(path).is_file():
                    raise ValueError(f"The path is not a valid file: {path}")
                self._paths["driver_path"] = path
            else:
                output = SeleniumManager().binary_paths(self._to_args())
                if Path(output["driver_path"]).is_file():
                    self._paths["driver_path"] = output["driver_path"]
                else:
                    raise ValueError(f"The driver path is not a valid file: {output['driver_path']}")
                if Path(output["browser_path"]).is_file():
                    self._paths["browser_path"] = output["browser_path"]
                else:
                    raise ValueError(f"The browser path is not a valid file: {output['browser_path']}")
        except Exception as err:
            msg = f"Unable to obtain driver for {browser}"
&gt;           raise NoSuchDriverException(msg) from err
E           selenium.common.exceptions.NoSuchDriverException: Message: Unable to obtain driver for chrome; For documentation on this error, please visit: https://www.selenium.dev/documentation/webdriver/troubleshooting/errors/driver_location

C:\Users\sanja\AppData\Local\Programs\Python\Python313\Lib\site-packages\selenium\webdriver\common\driver_finder.py:78: NoSuchDriverException</error></testcase><testcase classname="tests.test_from_testcases" name="test_case[TC5]" time="0.001"><error message="failed on setup with &quot;selenium.common.exceptions.NoSuchDriverException: Message: Unable to obtain driver for chrome; For documentation on this error, please visit: https://www.selenium.dev/documentation/webdriver/troubleshooting/errors/driver_location&quot;">self = &lt;selenium.webdriver.common.driver_finder.DriverFinder object at 0x000001D5CE7BEA50&gt;

    def _binary_paths(self) -&gt; dict:
        if self._paths["driver_path"]:
            return self._paths
    
        browser = self._options.capabilities["browserName"]
        try:
            path = self._service.path
            if path:
                logger.debug(
                    "Skipping Selenium Manager; path to %s driver specified in Service class: %s", browser, path
                )
                if not Path(path).is_file():
                    raise ValueError(f"The path is not a valid file: {path}")
                self._paths["driver_path"] = path
            else:
&gt;               output = SeleniumManager().binary_paths(self._to_args())
                         ^^^^^^^^^^^^^^^^^^^^^^^^^^^^^^^^^^^^^^^^^^^^^^^

C:\Users\sanja\AppData\Local\Programs\Python\Python313\Lib\site-packages\selenium\webdriver\common\driver_finder.py:67: 
_ _ _ _ _ _ _ _ _ _ _ _ _ _ _ _ _ _ _ _ _ _ _ _ _ _ _ _ _ _ _ _ _ _ _ _ _ _ _ _
C:\Users\sanja\AppData\Local\Programs\Python\Python313\Lib\site-packages\selenium\webdriver\common\selenium_manager.py:55: in binary_paths
    return self._run(args)
           ^^^^^^^^^^^^^^^
_ _ _ _ _ _ _ _ _ _ _ _ _ _ _ _ _ _ _ _ _ _ _ _ _ _ _ _ _ _ _ _ _ _ _ _ _ _ _ _

args = ['C:\\Users\\sanja\\AppData\\Local\\Programs\\Python\\Python313\\Lib\\site-packages\\selenium\\webdriver\\common\\windows\\selenium-manager.exe', '--browser', 'chrome', '--language-binding', 'python', '--output', ...]

    @staticmethod
    def _run(args: list[str]) -&gt; dict:
        """Executes the Selenium Manager Binary.
    
        Args:
            args: the components of the command being executed.
    
        Returns:
            The log string containing the driver location.
        """
        command = " ".join(args)
        logger.debug("Executing process: %s", command)
        try:
            if sys.platform == "win32":
                completed_proc = subprocess.run(args, capture_output=True, creationflags=subprocess.CREATE_NO_WINDOW)
            else:
                completed_proc = subprocess.run(args, capture_output=True)
            stdout = completed_proc.stdout.decode("utf-8").rstrip("\n")
            stderr = completed_proc.stderr.decode("utf-8").rstrip("\n")
            output = json.loads(stdout) if stdout != "" else {"logs": [], "result": {}}
        except Exception as err:
            raise WebDriverException(f"Unsuccessful command executed: {command}") from err
    
        SeleniumManager._process_logs(output["logs"])
        result = output["result"]
        if completed_proc.returncode:
&gt;           raise WebDriverException(
                f"Unsuccessful command executed: {command}; code: {completed_proc.returncode}\n{result}\n{stderr}"
            )
E           selenium.common.exceptions.WebDriverException: Message: Unsuccessful command executed: C:\Users\sanja\AppData\Local\Programs\Python\Python313\Lib\site-packages\selenium\webdriver\common\windows\selenium-manager.exe --browser chrome --language-binding python --output json; code: 65
E           {'code': 65, 'message': 'There is not enough space on the disk. (os error 112)', 'driver_path': '', 'browser_path': ''}

C:\Users\sanja\AppData\Local\Programs\Python\Python313\Lib\site-packages\selenium\webdriver\common\selenium_manager.py:154: WebDriverException

The above exception was the direct cause of the following exception:

    @pytest.fixture(scope="session")
    def driver():
        opts = Options()
        # run headless by default for CI
        if os.environ.get("HEADLESS", "1") == "1":
            opts.add_argument("--headless=new")
        opts.add_argument("--no-sandbox")
        opts.add_argument("--disable-dev-shm-usage")
        opts.add_argument("--window-size=1366,768")
    
&gt;       driver = webdriver.Chrome(options=opts)
                 ^^^^^^^^^^^^^^^^^^^^^^^^^^^^^^

conftest.py:22: 
_ _ _ _ _ _ _ _ _ _ _ _ _ _ _ _ _ _ _ _ _ _ _ _ _ _ _ _ _ _ _ _ _ _ _ _ _ _ _ _
C:\Users\sanja\AppData\Local\Programs\Python\Python313\Lib\site-packages\selenium\webdriver\chrome\webdriver.py:45: in __init__
    super().__init__(
C:\Users\sanja\AppData\Local\Programs\Python\Python313\Lib\site-packages\selenium\webdriver\chromium\webdriver.py:50: in __init__
    if finder.get_browser_path():
       ^^^^^^^^^^^^^^^^^^^^^^^^^
C:\Users\sanja\AppData\Local\Programs\Python\Python313\Lib\site-packages\selenium\webdriver\common\driver_finder.py:47: in get_browser_path
    return self._binary_paths()["browser_path"]
           ^^^^^^^^^^^^^^^^^^^^
_ _ _ _ _ _ _ _ _ _ _ _ _ _ _ _ _ _ _ _ _ _ _ _ _ _ _ _ _ _ _ _ _ _ _ _ _ _ _ _

self = &lt;selenium.webdriver.common.driver_finder.DriverFinder object at 0x000001D5CE7BEA50&gt;

    def _binary_paths(self) -&gt; dict:
        if self._paths["driver_path"]:
            return self._paths
    
        browser = self._options.capabilities["browserName"]
        try:
            path = self._service.path
            if path:
                logger.debug(
                    "Skipping Selenium Manager; path to %s driver specified in Service class: %s", browser, path
                )
                if not Path(path).is_file():
                    raise ValueError(f"The path is not a valid file: {path}")
                self._paths["driver_path"] = path
            else:
                output = SeleniumManager().binary_paths(self._to_args())
                if Path(output["driver_path"]).is_file():
                    self._paths["driver_path"] = output["driver_path"]
                else:
                    raise ValueError(f"The driver path is not a valid file: {output['driver_path']}")
                if Path(output["browser_path"]).is_file():
                    self._paths["browser_path"] = output["browser_path"]
                else:
                    raise ValueError(f"The browser path is not a valid file: {output['browser_path']}")
        except Exception as err:
            msg = f"Unable to obtain driver for {browser}"
&gt;           raise NoSuchDriverException(msg) from err
E           selenium.common.exceptions.NoSuchDriverException: Message: Unable to obtain driver for chrome; For documentation on this error, please visit: https://www.selenium.dev/documentation/webdriver/troubleshooting/errors/driver_location

C:\Users\sanja\AppData\Local\Programs\Python\Python313\Lib\site-packages\selenium\webdriver\common\driver_finder.py:78: NoSuchDriverException</error></testcase><testcase classname="tests.test_from_testcases" name="test_case[TC6]" time="0.001"><error message="failed on setup with &quot;selenium.common.exceptions.NoSuchDriverException: Message: Unable to obtain driver for chrome; For documentation on this error, please visit: https://www.selenium.dev/documentation/webdriver/troubleshooting/errors/driver_location&quot;">self = &lt;selenium.webdriver.common.driver_finder.DriverFinder object at 0x000001D5CE7BEA50&gt;

    def _binary_paths(self) -&gt; dict:
        if self._paths["driver_path"]:
            return self._paths
    
        browser = self._options.capabilities["browserName"]
        try:
            path = self._service.path
            if path:
                logger.debug(
                    "Skipping Selenium Manager; path to %s driver specified in Service class: %s", browser, path
                )
                if not Path(path).is_file():
                    raise ValueError(f"The path is not a valid file: {path}")
                self._paths["driver_path"] = path
            else:
&gt;               output = SeleniumManager().binary_paths(self._to_args())
                         ^^^^^^^^^^^^^^^^^^^^^^^^^^^^^^^^^^^^^^^^^^^^^^^

C:\Users\sanja\AppData\Local\Programs\Python\Python313\Lib\site-packages\selenium\webdriver\common\driver_finder.py:67: 
_ _ _ _ _ _ _ _ _ _ _ _ _ _ _ _ _ _ _ _ _ _ _ _ _ _ _ _ _ _ _ _ _ _ _ _ _ _ _ _
C:\Users\sanja\AppData\Local\Programs\Python\Python313\Lib\site-packages\selenium\webdriver\common\selenium_manager.py:55: in binary_paths
    return self._run(args)
           ^^^^^^^^^^^^^^^
_ _ _ _ _ _ _ _ _ _ _ _ _ _ _ _ _ _ _ _ _ _ _ _ _ _ _ _ _ _ _ _ _ _ _ _ _ _ _ _

args = ['C:\\Users\\sanja\\AppData\\Local\\Programs\\Python\\Python313\\Lib\\site-packages\\selenium\\webdriver\\common\\windows\\selenium-manager.exe', '--browser', 'chrome', '--language-binding', 'python', '--output', ...]

    @staticmethod
    def _run(args: list[str]) -&gt; dict:
        """Executes the Selenium Manager Binary.
    
        Args:
            args: the components of the command being executed.
    
        Returns:
            The log string containing the driver location.
        """
        command = " ".join(args)
        logger.debug("Executing process: %s", command)
        try:
            if sys.platform == "win32":
                completed_proc = subprocess.run(args, capture_output=True, creationflags=subprocess.CREATE_NO_WINDOW)
            else:
                completed_proc = subprocess.run(args, capture_output=True)
            stdout = completed_proc.stdout.decode("utf-8").rstrip("\n")
            stderr = completed_proc.stderr.decode("utf-8").rstrip("\n")
            output = json.loads(stdout) if stdout != "" else {"logs": [], "result": {}}
        except Exception as err:
            raise WebDriverException(f"Unsuccessful command executed: {command}") from err
    
        SeleniumManager._process_logs(output["logs"])
        result = output["result"]
        if completed_proc.returncode:
&gt;           raise WebDriverException(
                f"Unsuccessful command executed: {command}; code: {completed_proc.returncode}\n{result}\n{stderr}"
            )
E           selenium.common.exceptions.WebDriverException: Message: Unsuccessful command executed: C:\Users\sanja\AppData\Local\Programs\Python\Python313\Lib\site-packages\selenium\webdriver\common\windows\selenium-manager.exe --browser chrome --language-binding python --output json; code: 65
E           {'code': 65, 'message': 'There is not enough space on the disk. (os error 112)', 'driver_path': '', 'browser_path': ''}

C:\Users\sanja\AppData\Local\Programs\Python\Python313\Lib\site-packages\selenium\webdriver\common\selenium_manager.py:154: WebDriverException

The above exception was the direct cause of the following exception:

    @pytest.fixture(scope="session")
    def driver():
        opts = Options()
        # run headless by default for CI
        if os.environ.get("HEADLESS", "1") == "1":
            opts.add_argument("--headless=new")
        opts.add_argument("--no-sandbox")
        opts.add_argument("--disable-dev-shm-usage")
        opts.add_argument("--window-size=1366,768")
    
&gt;       driver = webdriver.Chrome(options=opts)
                 ^^^^^^^^^^^^^^^^^^^^^^^^^^^^^^

conftest.py:22: 
_ _ _ _ _ _ _ _ _ _ _ _ _ _ _ _ _ _ _ _ _ _ _ _ _ _ _ _ _ _ _ _ _ _ _ _ _ _ _ _
C:\Users\sanja\AppData\Local\Programs\Python\Python313\Lib\site-packages\selenium\webdriver\chrome\webdriver.py:45: in __init__
    super().__init__(
C:\Users\sanja\AppData\Local\Programs\Python\Python313\Lib\site-packages\selenium\webdriver\chromium\webdriver.py:50: in __init__
    if finder.get_browser_path():
       ^^^^^^^^^^^^^^^^^^^^^^^^^
C:\Users\sanja\AppData\Local\Programs\Python\Python313\Lib\site-packages\selenium\webdriver\common\driver_finder.py:47: in get_browser_path
    return self._binary_paths()["browser_path"]
           ^^^^^^^^^^^^^^^^^^^^
_ _ _ _ _ _ _ _ _ _ _ _ _ _ _ _ _ _ _ _ _ _ _ _ _ _ _ _ _ _ _ _ _ _ _ _ _ _ _ _

self = &lt;selenium.webdriver.common.driver_finder.DriverFinder object at 0x000001D5CE7BEA50&gt;

    def _binary_paths(self) -&gt; dict:
        if self._paths["driver_path"]:
            return self._paths
    
        browser = self._options.capabilities["browserName"]
        try:
            path = self._service.path
            if path:
                logger.debug(
                    "Skipping Selenium Manager; path to %s driver specified in Service class: %s", browser, path
                )
                if not Path(path).is_file():
                    raise ValueError(f"The path is not a valid file: {path}")
                self._paths["driver_path"] = path
            else:
                output = SeleniumManager().binary_paths(self._to_args())
                if Path(output["driver_path"]).is_file():
                    self._paths["driver_path"] = output["driver_path"]
                else:
                    raise ValueError(f"The driver path is not a valid file: {output['driver_path']}")
                if Path(output["browser_path"]).is_file():
                    self._paths["browser_path"] = output["browser_path"]
                else:
                    raise ValueError(f"The browser path is not a valid file: {output['browser_path']}")
        except Exception as err:
            msg = f"Unable to obtain driver for {browser}"
&gt;           raise NoSuchDriverException(msg) from err
E           selenium.common.exceptions.NoSuchDriverException: Message: Unable to obtain driver for chrome; For documentation on this error, please visit: https://www.selenium.dev/documentation/webdriver/troubleshooting/errors/driver_location

C:\Users\sanja\AppData\Local\Programs\Python\Python313\Lib\site-packages\selenium\webdriver\common\driver_finder.py:78: NoSuchDriverException</error></testcase><testcase classname="tests.test_from_testcases" name="test_case[TC7]" time="0.000"><error message="failed on setup with &quot;selenium.common.exceptions.NoSuchDriverException: Message: Unable to obtain driver for chrome; For documentation on this error, please visit: https://www.selenium.dev/documentation/webdriver/troubleshooting/errors/driver_location&quot;">self = &lt;selenium.webdriver.common.driver_finder.DriverFinder object at 0x000001D5CE7BEA50&gt;

    def _binary_paths(self) -&gt; dict:
        if self._paths["driver_path"]:
            return self._paths
    
        browser = self._options.capabilities["browserName"]
        try:
            path = self._service.path
            if path:
                logger.debug(
                    "Skipping Selenium Manager; path to %s driver specified in Service class: %s", browser, path
                )
                if not Path(path).is_file():
                    raise ValueError(f"The path is not a valid file: {path}")
                self._paths["driver_path"] = path
            else:
&gt;               output = SeleniumManager().binary_paths(self._to_args())
                         ^^^^^^^^^^^^^^^^^^^^^^^^^^^^^^^^^^^^^^^^^^^^^^^

C:\Users\sanja\AppData\Local\Programs\Python\Python313\Lib\site-packages\selenium\webdriver\common\driver_finder.py:67: 
_ _ _ _ _ _ _ _ _ _ _ _ _ _ _ _ _ _ _ _ _ _ _ _ _ _ _ _ _ _ _ _ _ _ _ _ _ _ _ _
C:\Users\sanja\AppData\Local\Programs\Python\Python313\Lib\site-packages\selenium\webdriver\common\selenium_manager.py:55: in binary_paths
    return self._run(args)
           ^^^^^^^^^^^^^^^
_ _ _ _ _ _ _ _ _ _ _ _ _ _ _ _ _ _ _ _ _ _ _ _ _ _ _ _ _ _ _ _ _ _ _ _ _ _ _ _

args = ['C:\\Users\\sanja\\AppData\\Local\\Programs\\Python\\Python313\\Lib\\site-packages\\selenium\\webdriver\\common\\windows\\selenium-manager.exe', '--browser', 'chrome', '--language-binding', 'python', '--output', ...]

    @staticmethod
    def _run(args: list[str]) -&gt; dict:
        """Executes the Selenium Manager Binary.
    
        Args:
            args: the components of the command being executed.
    
        Returns:
            The log string containing the driver location.
        """
        command = " ".join(args)
        logger.debug("Executing process: %s", command)
        try:
            if sys.platform == "win32":
                completed_proc = subprocess.run(args, capture_output=True, creationflags=subprocess.CREATE_NO_WINDOW)
            else:
                completed_proc = subprocess.run(args, capture_output=True)
            stdout = completed_proc.stdout.decode("utf-8").rstrip("\n")
            stderr = completed_proc.stderr.decode("utf-8").rstrip("\n")
            output = json.loads(stdout) if stdout != "" else {"logs": [], "result": {}}
        except Exception as err:
            raise WebDriverException(f"Unsuccessful command executed: {command}") from err
    
        SeleniumManager._process_logs(output["logs"])
        result = output["result"]
        if completed_proc.returncode:
&gt;           raise WebDriverException(
                f"Unsuccessful command executed: {command}; code: {completed_proc.returncode}\n{result}\n{stderr}"
            )
E           selenium.common.exceptions.WebDriverException: Message: Unsuccessful command executed: C:\Users\sanja\AppData\Local\Programs\Python\Python313\Lib\site-packages\selenium\webdriver\common\windows\selenium-manager.exe --browser chrome --language-binding python --output json; code: 65
E           {'code': 65, 'message': 'There is not enough space on the disk. (os error 112)', 'driver_path': '', 'browser_path': ''}

C:\Users\sanja\AppData\Local\Programs\Python\Python313\Lib\site-packages\selenium\webdriver\common\selenium_manager.py:154: WebDriverException

The above exception was the direct cause of the following exception:

    @pytest.fixture(scope="session")
    def driver():
        opts = Options()
        # run headless by default for CI
        if os.environ.get("HEADLESS", "1") == "1":
            opts.add_argument("--headless=new")
        opts.add_argument("--no-sandbox")
        opts.add_argument("--disable-dev-shm-usage")
        opts.add_argument("--window-size=1366,768")
    
&gt;       driver = webdriver.Chrome(options=opts)
                 ^^^^^^^^^^^^^^^^^^^^^^^^^^^^^^

conftest.py:22: 
_ _ _ _ _ _ _ _ _ _ _ _ _ _ _ _ _ _ _ _ _ _ _ _ _ _ _ _ _ _ _ _ _ _ _ _ _ _ _ _
C:\Users\sanja\AppData\Local\Programs\Python\Python313\Lib\site-packages\selenium\webdriver\chrome\webdriver.py:45: in __init__
    super().__init__(
C:\Users\sanja\AppData\Local\Programs\Python\Python313\Lib\site-packages\selenium\webdriver\chromium\webdriver.py:50: in __init__
    if finder.get_browser_path():
       ^^^^^^^^^^^^^^^^^^^^^^^^^
C:\Users\sanja\AppData\Local\Programs\Python\Python313\Lib\site-packages\selenium\webdriver\common\driver_finder.py:47: in get_browser_path
    return self._binary_paths()["browser_path"]
           ^^^^^^^^^^^^^^^^^^^^
_ _ _ _ _ _ _ _ _ _ _ _ _ _ _ _ _ _ _ _ _ _ _ _ _ _ _ _ _ _ _ _ _ _ _ _ _ _ _ _

self = &lt;selenium.webdriver.common.driver_finder.DriverFinder object at 0x000001D5CE7BEA50&gt;

    def _binary_paths(self) -&gt; dict:
        if self._paths["driver_path"]:
            return self._paths
    
        browser = self._options.capabilities["browserName"]
        try:
            path = self._service.path
            if path:
                logger.debug(
                    "Skipping Selenium Manager; path to %s driver specified in Service class: %s", browser, path
                )
                if not Path(path).is_file():
                    raise ValueError(f"The path is not a valid file: {path}")
                self._paths["driver_path"] = path
            else:
                output = SeleniumManager().binary_paths(self._to_args())
                if Path(output["driver_path"]).is_file():
                    self._paths["driver_path"] = output["driver_path"]
                else:
                    raise ValueError(f"The driver path is not a valid file: {output['driver_path']}")
                if Path(output["browser_path"]).is_file():
                    self._paths["browser_path"] = output["browser_path"]
                else:
                    raise ValueError(f"The browser path is not a valid file: {output['browser_path']}")
        except Exception as err:
            msg = f"Unable to obtain driver for {browser}"
&gt;           raise NoSuchDriverException(msg) from err
E           selenium.common.exceptions.NoSuchDriverException: Message: Unable to obtain driver for chrome; For documentation on this error, please visit: https://www.selenium.dev/documentation/webdriver/troubleshooting/errors/driver_location

C:\Users\sanja\AppData\Local\Programs\Python\Python313\Lib\site-packages\selenium\webdriver\common\driver_finder.py:78: NoSuchDriverException</error></testcase><testcase classname="tests.test_from_testcases" name="test_case[TC8]" time="0.000"><error message="failed on setup with &quot;selenium.common.exceptions.NoSuchDriverException: Message: Unable to obtain driver for chrome; For documentation on this error, please visit: https://www.selenium.dev/documentation/webdriver/troubleshooting/errors/driver_location&quot;">self = &lt;selenium.webdriver.common.driver_finder.DriverFinder object at 0x000001D5CE7BEA50&gt;

    def _binary_paths(self) -&gt; dict:
        if self._paths["driver_path"]:
            return self._paths
    
        browser = self._options.capabilities["browserName"]
        try:
            path = self._service.path
            if path:
                logger.debug(
                    "Skipping Selenium Manager; path to %s driver specified in Service class: %s", browser, path
                )
                if not Path(path).is_file():
                    raise ValueError(f"The path is not a valid file: {path}")
                self._paths["driver_path"] = path
            else:
&gt;               output = SeleniumManager().binary_paths(self._to_args())
                         ^^^^^^^^^^^^^^^^^^^^^^^^^^^^^^^^^^^^^^^^^^^^^^^

C:\Users\sanja\AppData\Local\Programs\Python\Python313\Lib\site-packages\selenium\webdriver\common\driver_finder.py:67: 
_ _ _ _ _ _ _ _ _ _ _ _ _ _ _ _ _ _ _ _ _ _ _ _ _ _ _ _ _ _ _ _ _ _ _ _ _ _ _ _
C:\Users\sanja\AppData\Local\Programs\Python\Python313\Lib\site-packages\selenium\webdriver\common\selenium_manager.py:55: in binary_paths
    return self._run(args)
           ^^^^^^^^^^^^^^^
_ _ _ _ _ _ _ _ _ _ _ _ _ _ _ _ _ _ _ _ _ _ _ _ _ _ _ _ _ _ _ _ _ _ _ _ _ _ _ _

args = ['C:\\Users\\sanja\\AppData\\Local\\Programs\\Python\\Python313\\Lib\\site-packages\\selenium\\webdriver\\common\\windows\\selenium-manager.exe', '--browser', 'chrome', '--language-binding', 'python', '--output', ...]

    @staticmethod
    def _run(args: list[str]) -&gt; dict:
        """Executes the Selenium Manager Binary.
    
        Args:
            args: the components of the command being executed.
    
        Returns:
            The log string containing the driver location.
        """
        command = " ".join(args)
        logger.debug("Executing process: %s", command)
        try:
            if sys.platform == "win32":
                completed_proc = subprocess.run(args, capture_output=True, creationflags=subprocess.CREATE_NO_WINDOW)
            else:
                completed_proc = subprocess.run(args, capture_output=True)
            stdout = completed_proc.stdout.decode("utf-8").rstrip("\n")
            stderr = completed_proc.stderr.decode("utf-8").rstrip("\n")
            output = json.loads(stdout) if stdout != "" else {"logs": [], "result": {}}
        except Exception as err:
            raise WebDriverException(f"Unsuccessful command executed: {command}") from err
    
        SeleniumManager._process_logs(output["logs"])
        result = output["result"]
        if completed_proc.returncode:
&gt;           raise WebDriverException(
                f"Unsuccessful command executed: {command}; code: {completed_proc.returncode}\n{result}\n{stderr}"
            )
E           selenium.common.exceptions.WebDriverException: Message: Unsuccessful command executed: C:\Users\sanja\AppData\Local\Programs\Python\Python313\Lib\site-packages\selenium\webdriver\common\windows\selenium-manager.exe --browser chrome --language-binding python --output json; code: 65
E           {'code': 65, 'message': 'There is not enough space on the disk. (os error 112)', 'driver_path': '', 'browser_path': ''}

C:\Users\sanja\AppData\Local\Programs\Python\Python313\Lib\site-packages\selenium\webdriver\common\selenium_manager.py:154: WebDriverException

The above exception was the direct cause of the following exception:

    @pytest.fixture(scope="session")
    def driver():
        opts = Options()
        # run headless by default for CI
        if os.environ.get("HEADLESS", "1") == "1":
            opts.add_argument("--headless=new")
        opts.add_argument("--no-sandbox")
        opts.add_argument("--disable-dev-shm-usage")
        opts.add_argument("--window-size=1366,768")
    
&gt;       driver = webdriver.Chrome(options=opts)
                 ^^^^^^^^^^^^^^^^^^^^^^^^^^^^^^

conftest.py:22: 
_ _ _ _ _ _ _ _ _ _ _ _ _ _ _ _ _ _ _ _ _ _ _ _ _ _ _ _ _ _ _ _ _ _ _ _ _ _ _ _
C:\Users\sanja\AppData\Local\Programs\Python\Python313\Lib\site-packages\selenium\webdriver\chrome\webdriver.py:45: in __init__
    super().__init__(
C:\Users\sanja\AppData\Local\Programs\Python\Python313\Lib\site-packages\selenium\webdriver\chromium\webdriver.py:50: in __init__
    if finder.get_browser_path():
       ^^^^^^^^^^^^^^^^^^^^^^^^^
C:\Users\sanja\AppData\Local\Programs\Python\Python313\Lib\site-packages\selenium\webdriver\common\driver_finder.py:47: in get_browser_path
    return self._binary_paths()["browser_path"]
           ^^^^^^^^^^^^^^^^^^^^
_ _ _ _ _ _ _ _ _ _ _ _ _ _ _ _ _ _ _ _ _ _ _ _ _ _ _ _ _ _ _ _ _ _ _ _ _ _ _ _

self = &lt;selenium.webdriver.common.driver_finder.DriverFinder object at 0x000001D5CE7BEA50&gt;

    def _binary_paths(self) -&gt; dict:
        if self._paths["driver_path"]:
            return self._paths
    
        browser = self._options.capabilities["browserName"]
        try:
            path = self._service.path
            if path:
                logger.debug(
                    "Skipping Selenium Manager; path to %s driver specified in Service class: %s", browser, path
                )
                if not Path(path).is_file():
                    raise ValueError(f"The path is not a valid file: {path}")
                self._paths["driver_path"] = path
            else:
                output = SeleniumManager().binary_paths(self._to_args())
                if Path(output["driver_path"]).is_file():
                    self._paths["driver_path"] = output["driver_path"]
                else:
                    raise ValueError(f"The driver path is not a valid file: {output['driver_path']}")
                if Path(output["browser_path"]).is_file():
                    self._paths["browser_path"] = output["browser_path"]
                else:
                    raise ValueError(f"The browser path is not a valid file: {output['browser_path']}")
        except Exception as err:
            msg = f"Unable to obtain driver for {browser}"
&gt;           raise NoSuchDriverException(msg) from err
E           selenium.common.exceptions.NoSuchDriverException: Message: Unable to obtain driver for chrome; For documentation on this error, please visit: https://www.selenium.dev/documentation/webdriver/troubleshooting/errors/driver_location

C:\Users\sanja\AppData\Local\Programs\Python\Python313\Lib\site-packages\selenium\webdriver\common\driver_finder.py:78: NoSuchDriverException</error></testcase><testcase classname="tests.test_from_testcases" name="test_case[TC9]" time="0.001"><error message="failed on setup with &quot;selenium.common.exceptions.NoSuchDriverException: Message: Unable to obtain driver for chrome; For documentation on this error, please visit: https://www.selenium.dev/documentation/webdriver/troubleshooting/errors/driver_location&quot;">self = &lt;selenium.webdriver.common.driver_finder.DriverFinder object at 0x000001D5CE7BEA50&gt;

    def _binary_paths(self) -&gt; dict:
        if self._paths["driver_path"]:
            return self._paths
    
        browser = self._options.capabilities["browserName"]
        try:
            path = self._service.path
            if path:
                logger.debug(
                    "Skipping Selenium Manager; path to %s driver specified in Service class: %s", browser, path
                )
                if not Path(path).is_file():
                    raise ValueError(f"The path is not a valid file: {path}")
                self._paths["driver_path"] = path
            else:
&gt;               output = SeleniumManager().binary_paths(self._to_args())
                         ^^^^^^^^^^^^^^^^^^^^^^^^^^^^^^^^^^^^^^^^^^^^^^^

C:\Users\sanja\AppData\Local\Programs\Python\Python313\Lib\site-packages\selenium\webdriver\common\driver_finder.py:67: 
_ _ _ _ _ _ _ _ _ _ _ _ _ _ _ _ _ _ _ _ _ _ _ _ _ _ _ _ _ _ _ _ _ _ _ _ _ _ _ _
C:\Users\sanja\AppData\Local\Programs\Python\Python313\Lib\site-packages\selenium\webdriver\common\selenium_manager.py:55: in binary_paths
    return self._run(args)
           ^^^^^^^^^^^^^^^
_ _ _ _ _ _ _ _ _ _ _ _ _ _ _ _ _ _ _ _ _ _ _ _ _ _ _ _ _ _ _ _ _ _ _ _ _ _ _ _

args = ['C:\\Users\\sanja\\AppData\\Local\\Programs\\Python\\Python313\\Lib\\site-packages\\selenium\\webdriver\\common\\windows\\selenium-manager.exe', '--browser', 'chrome', '--language-binding', 'python', '--output', ...]

    @staticmethod
    def _run(args: list[str]) -&gt; dict:
        """Executes the Selenium Manager Binary.
    
        Args:
            args: the components of the command being executed.
    
        Returns:
            The log string containing the driver location.
        """
        command = " ".join(args)
        logger.debug("Executing process: %s", command)
        try:
            if sys.platform == "win32":
                completed_proc = subprocess.run(args, capture_output=True, creationflags=subprocess.CREATE_NO_WINDOW)
            else:
                completed_proc = subprocess.run(args, capture_output=True)
            stdout = completed_proc.stdout.decode("utf-8").rstrip("\n")
            stderr = completed_proc.stderr.decode("utf-8").rstrip("\n")
            output = json.loads(stdout) if stdout != "" else {"logs": [], "result": {}}
        except Exception as err:
            raise WebDriverException(f"Unsuccessful command executed: {command}") from err
    
        SeleniumManager._process_logs(output["logs"])
        result = output["result"]
        if completed_proc.returncode:
&gt;           raise WebDriverException(
                f"Unsuccessful command executed: {command}; code: {completed_proc.returncode}\n{result}\n{stderr}"
            )
E           selenium.common.exceptions.WebDriverException: Message: Unsuccessful command executed: C:\Users\sanja\AppData\Local\Programs\Python\Python313\Lib\site-packages\selenium\webdriver\common\windows\selenium-manager.exe --browser chrome --language-binding python --output json; code: 65
E           {'code': 65, 'message': 'There is not enough space on the disk. (os error 112)', 'driver_path': '', 'browser_path': ''}

C:\Users\sanja\AppData\Local\Programs\Python\Python313\Lib\site-packages\selenium\webdriver\common\selenium_manager.py:154: WebDriverException

The above exception was the direct cause of the following exception:

    @pytest.fixture(scope="session")
    def driver():
        opts = Options()
        # run headless by default for CI
        if os.environ.get("HEADLESS", "1") == "1":
            opts.add_argument("--headless=new")
        opts.add_argument("--no-sandbox")
        opts.add_argument("--disable-dev-shm-usage")
        opts.add_argument("--window-size=1366,768")
    
&gt;       driver = webdriver.Chrome(options=opts)
                 ^^^^^^^^^^^^^^^^^^^^^^^^^^^^^^

conftest.py:22: 
_ _ _ _ _ _ _ _ _ _ _ _ _ _ _ _ _ _ _ _ _ _ _ _ _ _ _ _ _ _ _ _ _ _ _ _ _ _ _ _
C:\Users\sanja\AppData\Local\Programs\Python\Python313\Lib\site-packages\selenium\webdriver\chrome\webdriver.py:45: in __init__
    super().__init__(
C:\Users\sanja\AppData\Local\Programs\Python\Python313\Lib\site-packages\selenium\webdriver\chromium\webdriver.py:50: in __init__
    if finder.get_browser_path():
       ^^^^^^^^^^^^^^^^^^^^^^^^^
C:\Users\sanja\AppData\Local\Programs\Python\Python313\Lib\site-packages\selenium\webdriver\common\driver_finder.py:47: in get_browser_path
    return self._binary_paths()["browser_path"]
           ^^^^^^^^^^^^^^^^^^^^
_ _ _ _ _ _ _ _ _ _ _ _ _ _ _ _ _ _ _ _ _ _ _ _ _ _ _ _ _ _ _ _ _ _ _ _ _ _ _ _

self = &lt;selenium.webdriver.common.driver_finder.DriverFinder object at 0x000001D5CE7BEA50&gt;

    def _binary_paths(self) -&gt; dict:
        if self._paths["driver_path"]:
            return self._paths
    
        browser = self._options.capabilities["browserName"]
        try:
            path = self._service.path
            if path:
                logger.debug(
                    "Skipping Selenium Manager; path to %s driver specified in Service class: %s", browser, path
                )
                if not Path(path).is_file():
                    raise ValueError(f"The path is not a valid file: {path}")
                self._paths["driver_path"] = path
            else:
                output = SeleniumManager().binary_paths(self._to_args())
                if Path(output["driver_path"]).is_file():
                    self._paths["driver_path"] = output["driver_path"]
                else:
                    raise ValueError(f"The driver path is not a valid file: {output['driver_path']}")
                if Path(output["browser_path"]).is_file():
                    self._paths["browser_path"] = output["browser_path"]
                else:
                    raise ValueError(f"The browser path is not a valid file: {output['browser_path']}")
        except Exception as err:
            msg = f"Unable to obtain driver for {browser}"
&gt;           raise NoSuchDriverException(msg) from err
E           selenium.common.exceptions.NoSuchDriverException: Message: Unable to obtain driver for chrome; For documentation on this error, please visit: https://www.selenium.dev/documentation/webdriver/troubleshooting/errors/driver_location

C:\Users\sanja\AppData\Local\Programs\Python\Python313\Lib\site-packages\selenium\webdriver\common\driver_finder.py:78: NoSuchDriverException</error></testcase><testcase classname="tests.test_from_testcases" name="test_case[TC10]" time="0.000"><error message="failed on setup with &quot;selenium.common.exceptions.NoSuchDriverException: Message: Unable to obtain driver for chrome; For documentation on this error, please visit: https://www.selenium.dev/documentation/webdriver/troubleshooting/errors/driver_location&quot;">self = &lt;selenium.webdriver.common.driver_finder.DriverFinder object at 0x000001D5CE7BEA50&gt;

    def _binary_paths(self) -&gt; dict:
        if self._paths["driver_path"]:
            return self._paths
    
        browser = self._options.capabilities["browserName"]
        try:
            path = self._service.path
            if path:
                logger.debug(
                    "Skipping Selenium Manager; path to %s driver specified in Service class: %s", browser, path
                )
                if not Path(path).is_file():
                    raise ValueError(f"The path is not a valid file: {path}")
                self._paths["driver_path"] = path
            else:
&gt;               output = SeleniumManager().binary_paths(self._to_args())
                         ^^^^^^^^^^^^^^^^^^^^^^^^^^^^^^^^^^^^^^^^^^^^^^^

C:\Users\sanja\AppData\Local\Programs\Python\Python313\Lib\site-packages\selenium\webdriver\common\driver_finder.py:67: 
_ _ _ _ _ _ _ _ _ _ _ _ _ _ _ _ _ _ _ _ _ _ _ _ _ _ _ _ _ _ _ _ _ _ _ _ _ _ _ _
C:\Users\sanja\AppData\Local\Programs\Python\Python313\Lib\site-packages\selenium\webdriver\common\selenium_manager.py:55: in binary_paths
    return self._run(args)
           ^^^^^^^^^^^^^^^
_ _ _ _ _ _ _ _ _ _ _ _ _ _ _ _ _ _ _ _ _ _ _ _ _ _ _ _ _ _ _ _ _ _ _ _ _ _ _ _

args = ['C:\\Users\\sanja\\AppData\\Local\\Programs\\Python\\Python313\\Lib\\site-packages\\selenium\\webdriver\\common\\windows\\selenium-manager.exe', '--browser', 'chrome', '--language-binding', 'python', '--output', ...]

    @staticmethod
    def _run(args: list[str]) -&gt; dict:
        """Executes the Selenium Manager Binary.
    
        Args:
            args: the components of the command being executed.
    
        Returns:
            The log string containing the driver location.
        """
        command = " ".join(args)
        logger.debug("Executing process: %s", command)
        try:
            if sys.platform == "win32":
                completed_proc = subprocess.run(args, capture_output=True, creationflags=subprocess.CREATE_NO_WINDOW)
            else:
                completed_proc = subprocess.run(args, capture_output=True)
            stdout = completed_proc.stdout.decode("utf-8").rstrip("\n")
            stderr = completed_proc.stderr.decode("utf-8").rstrip("\n")
            output = json.loads(stdout) if stdout != "" else {"logs": [], "result": {}}
        except Exception as err:
            raise WebDriverException(f"Unsuccessful command executed: {command}") from err
    
        SeleniumManager._process_logs(output["logs"])
        result = output["result"]
        if completed_proc.returncode:
&gt;           raise WebDriverException(
                f"Unsuccessful command executed: {command}; code: {completed_proc.returncode}\n{result}\n{stderr}"
            )
E           selenium.common.exceptions.WebDriverException: Message: Unsuccessful command executed: C:\Users\sanja\AppData\Local\Programs\Python\Python313\Lib\site-packages\selenium\webdriver\common\windows\selenium-manager.exe --browser chrome --language-binding python --output json; code: 65
E           {'code': 65, 'message': 'There is not enough space on the disk. (os error 112)', 'driver_path': '', 'browser_path': ''}

C:\Users\sanja\AppData\Local\Programs\Python\Python313\Lib\site-packages\selenium\webdriver\common\selenium_manager.py:154: WebDriverException

The above exception was the direct cause of the following exception:

    @pytest.fixture(scope="session")
    def driver():
        opts = Options()
        # run headless by default for CI
        if os.environ.get("HEADLESS", "1") == "1":
            opts.add_argument("--headless=new")
        opts.add_argument("--no-sandbox")
        opts.add_argument("--disable-dev-shm-usage")
        opts.add_argument("--window-size=1366,768")
    
&gt;       driver = webdriver.Chrome(options=opts)
                 ^^^^^^^^^^^^^^^^^^^^^^^^^^^^^^

conftest.py:22: 
_ _ _ _ _ _ _ _ _ _ _ _ _ _ _ _ _ _ _ _ _ _ _ _ _ _ _ _ _ _ _ _ _ _ _ _ _ _ _ _
C:\Users\sanja\AppData\Local\Programs\Python\Python313\Lib\site-packages\selenium\webdriver\chrome\webdriver.py:45: in __init__
    super().__init__(
C:\Users\sanja\AppData\Local\Programs\Python\Python313\Lib\site-packages\selenium\webdriver\chromium\webdriver.py:50: in __init__
    if finder.get_browser_path():
       ^^^^^^^^^^^^^^^^^^^^^^^^^
C:\Users\sanja\AppData\Local\Programs\Python\Python313\Lib\site-packages\selenium\webdriver\common\driver_finder.py:47: in get_browser_path
    return self._binary_paths()["browser_path"]
           ^^^^^^^^^^^^^^^^^^^^
_ _ _ _ _ _ _ _ _ _ _ _ _ _ _ _ _ _ _ _ _ _ _ _ _ _ _ _ _ _ _ _ _ _ _ _ _ _ _ _

self = &lt;selenium.webdriver.common.driver_finder.DriverFinder object at 0x000001D5CE7BEA50&gt;

    def _binary_paths(self) -&gt; dict:
        if self._paths["driver_path"]:
            return self._paths
    
        browser = self._options.capabilities["browserName"]
        try:
            path = self._service.path
            if path:
                logger.debug(
                    "Skipping Selenium Manager; path to %s driver specified in Service class: %s", browser, path
                )
                if not Path(path).is_file():
                    raise ValueError(f"The path is not a valid file: {path}")
                self._paths["driver_path"] = path
            else:
                output = SeleniumManager().binary_paths(self._to_args())
                if Path(output["driver_path"]).is_file():
                    self._paths["driver_path"] = output["driver_path"]
                else:
                    raise ValueError(f"The driver path is not a valid file: {output['driver_path']}")
                if Path(output["browser_path"]).is_file():
                    self._paths["browser_path"] = output["browser_path"]
                else:
                    raise ValueError(f"The browser path is not a valid file: {output['browser_path']}")
        except Exception as err:
            msg = f"Unable to obtain driver for {browser}"
&gt;           raise NoSuchDriverException(msg) from err
E           selenium.common.exceptions.NoSuchDriverException: Message: Unable to obtain driver for chrome; For documentation on this error, please visit: https://www.selenium.dev/documentation/webdriver/troubleshooting/errors/driver_location

C:\Users\sanja\AppData\Local\Programs\Python\Python313\Lib\site-packages\selenium\webdriver\common\driver_finder.py:78: NoSuchDriverException</error></testcase><testcase classname="tests.test_from_testcases" name="test_case[TC11]" time="0.001"><error message="failed on setup with &quot;selenium.common.exceptions.NoSuchDriverException: Message: Unable to obtain driver for chrome; For documentation on this error, please visit: https://www.selenium.dev/documentation/webdriver/troubleshooting/errors/driver_location&quot;">self = &lt;selenium.webdriver.common.driver_finder.DriverFinder object at 0x000001D5CE7BEA50&gt;

    def _binary_paths(self) -&gt; dict:
        if self._paths["driver_path"]:
            return self._paths
    
        browser = self._options.capabilities["browserName"]
        try:
            path = self._service.path
            if path:
                logger.debug(
                    "Skipping Selenium Manager; path to %s driver specified in Service class: %s", browser, path
                )
                if not Path(path).is_file():
                    raise ValueError(f"The path is not a valid file: {path}")
                self._paths["driver_path"] = path
            else:
&gt;               output = SeleniumManager().binary_paths(self._to_args())
                         ^^^^^^^^^^^^^^^^^^^^^^^^^^^^^^^^^^^^^^^^^^^^^^^

C:\Users\sanja\AppData\Local\Programs\Python\Python313\Lib\site-packages\selenium\webdriver\common\driver_finder.py:67: 
_ _ _ _ _ _ _ _ _ _ _ _ _ _ _ _ _ _ _ _ _ _ _ _ _ _ _ _ _ _ _ _ _ _ _ _ _ _ _ _
C:\Users\sanja\AppData\Local\Programs\Python\Python313\Lib\site-packages\selenium\webdriver\common\selenium_manager.py:55: in binary_paths
    return self._run(args)
           ^^^^^^^^^^^^^^^
_ _ _ _ _ _ _ _ _ _ _ _ _ _ _ _ _ _ _ _ _ _ _ _ _ _ _ _ _ _ _ _ _ _ _ _ _ _ _ _

args = ['C:\\Users\\sanja\\AppData\\Local\\Programs\\Python\\Python313\\Lib\\site-packages\\selenium\\webdriver\\common\\windows\\selenium-manager.exe', '--browser', 'chrome', '--language-binding', 'python', '--output', ...]

    @staticmethod
    def _run(args: list[str]) -&gt; dict:
        """Executes the Selenium Manager Binary.
    
        Args:
            args: the components of the command being executed.
    
        Returns:
            The log string containing the driver location.
        """
        command = " ".join(args)
        logger.debug("Executing process: %s", command)
        try:
            if sys.platform == "win32":
                completed_proc = subprocess.run(args, capture_output=True, creationflags=subprocess.CREATE_NO_WINDOW)
            else:
                completed_proc = subprocess.run(args, capture_output=True)
            stdout = completed_proc.stdout.decode("utf-8").rstrip("\n")
            stderr = completed_proc.stderr.decode("utf-8").rstrip("\n")
            output = json.loads(stdout) if stdout != "" else {"logs": [], "result": {}}
        except Exception as err:
            raise WebDriverException(f"Unsuccessful command executed: {command}") from err
    
        SeleniumManager._process_logs(output["logs"])
        result = output["result"]
        if completed_proc.returncode:
&gt;           raise WebDriverException(
                f"Unsuccessful command executed: {command}; code: {completed_proc.returncode}\n{result}\n{stderr}"
            )
E           selenium.common.exceptions.WebDriverException: Message: Unsuccessful command executed: C:\Users\sanja\AppData\Local\Programs\Python\Python313\Lib\site-packages\selenium\webdriver\common\windows\selenium-manager.exe --browser chrome --language-binding python --output json; code: 65
E           {'code': 65, 'message': 'There is not enough space on the disk. (os error 112)', 'driver_path': '', 'browser_path': ''}

C:\Users\sanja\AppData\Local\Programs\Python\Python313\Lib\site-packages\selenium\webdriver\common\selenium_manager.py:154: WebDriverException

The above exception was the direct cause of the following exception:

    @pytest.fixture(scope="session")
    def driver():
        opts = Options()
        # run headless by default for CI
        if os.environ.get("HEADLESS", "1") == "1":
            opts.add_argument("--headless=new")
        opts.add_argument("--no-sandbox")
        opts.add_argument("--disable-dev-shm-usage")
        opts.add_argument("--window-size=1366,768")
    
&gt;       driver = webdriver.Chrome(options=opts)
                 ^^^^^^^^^^^^^^^^^^^^^^^^^^^^^^

conftest.py:22: 
_ _ _ _ _ _ _ _ _ _ _ _ _ _ _ _ _ _ _ _ _ _ _ _ _ _ _ _ _ _ _ _ _ _ _ _ _ _ _ _
C:\Users\sanja\AppData\Local\Programs\Python\Python313\Lib\site-packages\selenium\webdriver\chrome\webdriver.py:45: in __init__
    super().__init__(
C:\Users\sanja\AppData\Local\Programs\Python\Python313\Lib\site-packages\selenium\webdriver\chromium\webdriver.py:50: in __init__
    if finder.get_browser_path():
       ^^^^^^^^^^^^^^^^^^^^^^^^^
C:\Users\sanja\AppData\Local\Programs\Python\Python313\Lib\site-packages\selenium\webdriver\common\driver_finder.py:47: in get_browser_path
    return self._binary_paths()["browser_path"]
           ^^^^^^^^^^^^^^^^^^^^
_ _ _ _ _ _ _ _ _ _ _ _ _ _ _ _ _ _ _ _ _ _ _ _ _ _ _ _ _ _ _ _ _ _ _ _ _ _ _ _

self = &lt;selenium.webdriver.common.driver_finder.DriverFinder object at 0x000001D5CE7BEA50&gt;

    def _binary_paths(self) -&gt; dict:
        if self._paths["driver_path"]:
            return self._paths
    
        browser = self._options.capabilities["browserName"]
        try:
            path = self._service.path
            if path:
                logger.debug(
                    "Skipping Selenium Manager; path to %s driver specified in Service class: %s", browser, path
                )
                if not Path(path).is_file():
                    raise ValueError(f"The path is not a valid file: {path}")
                self._paths["driver_path"] = path
            else:
                output = SeleniumManager().binary_paths(self._to_args())
                if Path(output["driver_path"]).is_file():
                    self._paths["driver_path"] = output["driver_path"]
                else:
                    raise ValueError(f"The driver path is not a valid file: {output['driver_path']}")
                if Path(output["browser_path"]).is_file():
                    self._paths["browser_path"] = output["browser_path"]
                else:
                    raise ValueError(f"The browser path is not a valid file: {output['browser_path']}")
        except Exception as err:
            msg = f"Unable to obtain driver for {browser}"
&gt;           raise NoSuchDriverException(msg) from err
E           selenium.common.exceptions.NoSuchDriverException: Message: Unable to obtain driver for chrome; For documentation on this error, please visit: https://www.selenium.dev/documentation/webdriver/troubleshooting/errors/driver_location

C:\Users\sanja\AppData\Local\Programs\Python\Python313\Lib\site-packages\selenium\webdriver\common\driver_finder.py:78: NoSuchDriverException</error></testcase><testcase classname="tests.test_from_testcases" name="test_case[TC12]" time="0.000"><error message="failed on setup with &quot;selenium.common.exceptions.NoSuchDriverException: Message: Unable to obtain driver for chrome; For documentation on this error, please visit: https://www.selenium.dev/documentation/webdriver/troubleshooting/errors/driver_location&quot;">self = &lt;selenium.webdriver.common.driver_finder.DriverFinder object at 0x000001D5CE7BEA50&gt;

    def _binary_paths(self) -&gt; dict:
        if self._paths["driver_path"]:
            return self._paths
    
        browser = self._options.capabilities["browserName"]
        try:
            path = self._service.path
            if path:
                logger.debug(
                    "Skipping Selenium Manager; path to %s driver specified in Service class: %s", browser, path
                )
                if not Path(path).is_file():
                    raise ValueError(f"The path is not a valid file: {path}")
                self._paths["driver_path"] = path
            else:
&gt;               output = SeleniumManager().binary_paths(self._to_args())
                         ^^^^^^^^^^^^^^^^^^^^^^^^^^^^^^^^^^^^^^^^^^^^^^^

C:\Users\sanja\AppData\Local\Programs\Python\Python313\Lib\site-packages\selenium\webdriver\common\driver_finder.py:67: 
_ _ _ _ _ _ _ _ _ _ _ _ _ _ _ _ _ _ _ _ _ _ _ _ _ _ _ _ _ _ _ _ _ _ _ _ _ _ _ _
C:\Users\sanja\AppData\Local\Programs\Python\Python313\Lib\site-packages\selenium\webdriver\common\selenium_manager.py:55: in binary_paths
    return self._run(args)
           ^^^^^^^^^^^^^^^
_ _ _ _ _ _ _ _ _ _ _ _ _ _ _ _ _ _ _ _ _ _ _ _ _ _ _ _ _ _ _ _ _ _ _ _ _ _ _ _

args = ['C:\\Users\\sanja\\AppData\\Local\\Programs\\Python\\Python313\\Lib\\site-packages\\selenium\\webdriver\\common\\windows\\selenium-manager.exe', '--browser', 'chrome', '--language-binding', 'python', '--output', ...]

    @staticmethod
    def _run(args: list[str]) -&gt; dict:
        """Executes the Selenium Manager Binary.
    
        Args:
            args: the components of the command being executed.
    
        Returns:
            The log string containing the driver location.
        """
        command = " ".join(args)
        logger.debug("Executing process: %s", command)
        try:
            if sys.platform == "win32":
                completed_proc = subprocess.run(args, capture_output=True, creationflags=subprocess.CREATE_NO_WINDOW)
            else:
                completed_proc = subprocess.run(args, capture_output=True)
            stdout = completed_proc.stdout.decode("utf-8").rstrip("\n")
            stderr = completed_proc.stderr.decode("utf-8").rstrip("\n")
            output = json.loads(stdout) if stdout != "" else {"logs": [], "result": {}}
        except Exception as err:
            raise WebDriverException(f"Unsuccessful command executed: {command}") from err
    
        SeleniumManager._process_logs(output["logs"])
        result = output["result"]
        if completed_proc.returncode:
&gt;           raise WebDriverException(
                f"Unsuccessful command executed: {command}; code: {completed_proc.returncode}\n{result}\n{stderr}"
            )
E           selenium.common.exceptions.WebDriverException: Message: Unsuccessful command executed: C:\Users\sanja\AppData\Local\Programs\Python\Python313\Lib\site-packages\selenium\webdriver\common\windows\selenium-manager.exe --browser chrome --language-binding python --output json; code: 65
E           {'code': 65, 'message': 'There is not enough space on the disk. (os error 112)', 'driver_path': '', 'browser_path': ''}

C:\Users\sanja\AppData\Local\Programs\Python\Python313\Lib\site-packages\selenium\webdriver\common\selenium_manager.py:154: WebDriverException

The above exception was the direct cause of the following exception:

    @pytest.fixture(scope="session")
    def driver():
[...]
                    "Skipping Selenium Manager; path to %s driver specified in Service class: %s", browser, path
                )
                if not Path(path).is_file():
                    raise ValueError(f"The path is not a valid file: {path}")
                self._paths["driver_path"] = path
            else:
&gt;               output = SeleniumManager().binary_paths(self._to_args())
                         ^^^^^^^^^^^^^^^^^^^^^^^^^^^^^^^^^^^^^^^^^^^^^^^

C:\Users\sanja\AppData\Local\Programs\Python\Python313\Lib\site-packages\selenium\webdriver\common\driver_finder.py:67: 
_ _ _ _ _ _ _ _ _ _ _ _ _ _ _ _ _ _ _ _ _ _ _ _ _ _ _ _ _ _ _ _ _ _ _ _ _ _ _ _
C:\Users\sanja\AppData\Local\Programs\Python\Python313\Lib\site-packages\selenium\webdriver\common\selenium_manager.py:55: in binary_paths
    return self._run(args)
           ^^^^^^^^^^^^^^^
_ _ _ _ _ _ _ _ _ _ _ _ _ _ _ _ _ _ _ _ _ _ _ _ _ _ _ _ _ _ _ _ _ _ _ _ _ _ _ _

args = ['C:\\Users\\sanja\\AppData\\Local\\Programs\\Python\\Python313\\Lib\\site-packages\\selenium\\webdriver\\common\\windows\\selenium-manager.exe', '--browser', 'chrome', '--language-binding', 'python', '--output', ...]

    @staticmethod
    def _run(args: list[str]) -&gt; dict:
        """Executes the Selenium Manager Binary.
    
        Args:
            args: the components of the command being executed.
    
        Returns:
            The log string containing the driver location.
        """
        command = " ".join(args)
        logger.debug("Executing process: %s", command)
        try:
            if sys.platform == "win32":
                completed_proc = subprocess.run(args, capture_output=True, creationflags=subprocess.CREATE_NO_WINDOW)
            else:
                completed_proc = subprocess.run(args, capture_output=True)
            stdout = completed_proc.stdout.decode("utf-8").rstrip("\n")
            stderr = completed_proc.stderr.decode("utf-8").rstrip("\n")
            output = json.loads(stdout) if stdout != "" else {"logs": [], "result": {}}
        except Exception as err:
            raise WebDriverException(f"Unsuccessful command executed: {command}") from err
    
        SeleniumManager._process_logs(output["logs"])
        result = output["result"]
        if completed_proc.returncode:
&gt;           raise WebDriverException(
                f"Unsuccessful command executed: {command}; code: {completed_proc.returncode}\n{result}\n{stderr}"
            )
E           selenium.common.exceptions.WebDriverException: Message: Unsuccessful command executed: C:\Users\sanja\AppData\Local\Programs\Python\Python313\Lib\site-packages\selenium\webdriver\common\windows\selenium-manager.exe --browser chrome --language-binding python --output json; code: 65
E           {'code': 65, 'message': 'There is not enough space on the disk. (os error 112)', 'driver_path': '', 'browser_path': ''}

C:\Users\sanja\AppData\Local\Programs\Python\Python313\Lib\site-packages\selenium\webdriver\common\selenium_manager.py:154: WebDriverException

The above exception was the direct cause of the following exception:

    @pytest.fixture(scope="session")
    def driver():
        opts = Options()
        # run headless by default for CI
        if os.environ.get("HEADLESS", "1") == "1":
            opts.add_argument("--headless=new")
        opts.add_argument("--no-sandbox")
        opts.add_argument("--disable-dev-shm-usage")
        opts.add_argument("--window-size=1366,768")
    
&gt;       driver = webdriver.Chrome(options=opts)
                 ^^^^^^^^^^^^^^^^^^^^^^^^^^^^^^

conftest.py:22: 
_ _ _ _ _ _ _ _ _ _ _ _ _ _ _ _ _ _ _ _ _ _ _ _ _ _ _ _ _ _ _ _ _ _ _ _ _ _ _ _
C:\Users\sanja\AppData\Local\Programs\Python\Python313\Lib\site-packages\selenium\webdriver\chrome\webdriver.py:45: in __init__
    super().__init__(
C:\Users\sanja\AppData\Local\Programs\Python\Python313\Lib\site-packages\selenium\webdriver\chromium\webdriver.py:50: in __init__
    if finder.get_browser_path():
       ^^^^^^^^^^^^^^^^^^^^^^^^^
C:\Users\sanja\AppData\Local\Programs\Python\Python313\Lib\site-packages\selenium\webdriver\common\driver_finder.py:47: in get_browser_path
    return self._binary_paths()["browser_path"]
           ^^^^^^^^^^^^^^^^^^^^
_ _ _ _ _ _ _ _ _ _ _ _ _ _ _ _ _ _ _ _ _ _ _ _ _ _ _ _ _ _ _ _ _ _ _ _ _ _ _ _

self = &lt;selenium.webdriver.common.driver_finder.DriverFinder object at 0x000001D5CE7BEA50&gt;

    def _binary_paths(self) -&gt; dict:
        if self._paths["driver_path"]:
            return self._paths
    
        browser = self._options.capabilities["browserName"]
        try:
            path = self._service.path
            if path:
                logger.debug(
                    "Skipping Selenium Manager; path to %s driver specified in Service class: %s", browser, path
                )
                if not Path(path).is_file():
                    raise ValueError(f"The path is not a valid file: {path}")
                self._paths["driver_path"] = path
            else:
                output = SeleniumManager().binary_paths(self._to_args())
                if Path(output["driver_path"]).is_file():
                    self._paths["driver_path"] = output["driver_path"]
                else:
                    raise ValueError(f"The driver path is not a valid file: {output['driver_path']}")
                if Path(output["browser_path"]).is_file():
                    self._paths["browser_path"] = output["browser_path"]
                else:
                    raise ValueError(f"The browser path is not a valid file: {output['browser_path']}")
        except Exception as err:
            msg = f"Unable to obtain driver for {browser}"
&gt;           raise NoSuchDriverException(msg) from err
E           selenium.common.exceptions.NoSuchDriverException: Message: Unable to obtain driver for chrome; For documentation on this error, please visit: https://www.selenium.dev/documentation/webdriver/troubleshooting/errors/driver_location

C:\Users\sanja\AppData\Local\Programs\Python\Python313\Lib\site-packages\selenium\webdriver\common\driver_finder.py:78: NoSuchDriverException</error></testcase><testcase classname="tests.test_smoke" name="test_pages_load[/signup-Sign up]" time="0.001"><error message="failed on setup with &quot;selenium.common.exceptions.NoSuchDriverException: Message: Unable to obtain driver for chrome; For documentation on this error, please visit: https://www.selenium.dev/documentation/webdriver/troubleshooting/errors/driver_location&quot;">self = &lt;selenium.webdriver.common.driver_finder.DriverFinder object at 0x000001D5CE7BEA50&gt;

    def _binary_paths(self) -&gt; dict:
        if self._paths["driver_path"]:
            return self._paths
    
        browser = self._options.capabilities["browserName"]
        try:
            path = self._service.path
            if path:
                logger.debug(
                    "Skipping Selenium Manager; path to %s driver specified in Service class: %s", browser, path
                )
                if not Path(path).is_file():
                    raise ValueError(f"The path is not a valid file: {path}")
                self._paths["driver_path"] = path
            else:
&gt;               output = SeleniumManager().binary_paths(self._to_args())
                         ^^^^^^^^^^^^^^^^^^^^^^^^^^^^^^^^^^^^^^^^^^^^^^^

C:\Users\sanja\AppData\Local\Programs\Python\Python313\Lib\site-packages\selenium\webdriver\common\driver_finder.py:67: 
_ _ _ _ _ _ _ _ _ _ _ _ _ _ _ _ _ _ _ _ _ _ _ _ _ _ _ _ _ _ _ _ _ _ _ _ _ _ _ _
C:\Users\sanja\AppData\Local\Programs\Python\Python313\Lib\site-packages\selenium\webdriver\common\selenium_manager.py:55: in binary_paths
    return self._run(args)
           ^^^^^^^^^^^^^^^
_ _ _ _ _ _ _ _ _ _ _ _ _ _ _ _ _ _ _ _ _ _ _ _ _ _ _ _ _ _ _ _ _ _ _ _ _ _ _ _

args = ['C:\\Users\\sanja\\AppData\\Local\\Programs\\Python\\Python313\\Lib\\site-packages\\selenium\\webdriver\\common\\windows\\selenium-manager.exe', '--browser', 'chrome', '--language-binding', 'python', '--output', ...]

    @staticmethod
    def _run(args: list[str]) -&gt; dict:
        """Executes the Selenium Manager Binary.
    
        Args:
            args: the components of the command being executed.
    
        Returns:
            The log string containing the driver location.
        """
        command = " ".join(args)
        logger.debug("Executing process: %s", command)
        try:
            if sys.platform == "win32":
                completed_proc = subprocess.run(args, capture_output=True, creationflags=subprocess.CREATE_NO_WINDOW)
            else:
                completed_proc = subprocess.run(args, capture_output=True)
            stdout = completed_proc.stdout.decode("utf-8").rstrip("\n")
            stderr = completed_proc.stderr.decode("utf-8").rstrip("\n")
            output = json.loads(stdout) if stdout != "" else {"logs": [], "result": {}}
        except Exception as err:
            raise WebDriverException(f"Unsuccessful command executed: {command}") from err
    
        SeleniumManager._process_logs(output["logs"])
        result = output["result"]
        if completed_proc.returncode:
&gt;           raise WebDriverException(
                f"Unsuccessful command executed: {command}; code: {completed_proc.returncode}\n{result}\n{stderr}"
            )
E           selenium.common.exceptions.WebDriverException: Message: Unsuccessful command executed: C:\Users\sanja\AppData\Local\Programs\Python\Python313\Lib\site-packages\selenium\webdriver\common\windows\selenium-manager.exe --browser chrome --language-binding python --output json; code: 65
E           {'code': 65, 'message': 'There is not enough space on the disk. (os error 112)', 'driver_path': '', 'browser_path': ''}

C:\Users\sanja\AppData\Local\Programs\Python\Python313\Lib\site-packages\selenium\webdriver\common\selenium_manager.py:154: WebDriverException

The above exception was the direct cause of the following exception:

    @pytest.fixture(scope="session")
    def driver():
        opts = Options()
        # run headless by default for CI
        if os.environ.get("HEADLESS", "1") == "1":
            opts.add_argument("--headless=new")
        opts.add_argument("--no-sandbox")
        opts.add_argument("--disable-dev-shm-usage")
        opts.add_argument("--window-size=1366,768")
    
&gt;       driver = webdriver.Chrome(options=opts)
                 ^^^^^^^^^^^^^^^^^^^^^^^^^^^^^^

conftest.py:22: 
_ _ _ _ _ _ _ _ _ _ _ _ _ _ _ _ _ _ _ _ _ _ _ _ _ _ _ _ _ _ _ _ _ _ _ _ _ _ _ _
C:\Users\sanja\AppData\Local\Programs\Python\Python313\Lib\site-packages\selenium\webdriver\chrome\webdriver.py:45: in __init__
    super().__init__(
C:\Users\sanja\AppData\Local\Programs\Python\Python313\Lib\site-packages\selenium\webdriver\chromium\webdriver.py:50: in __init__
    if finder.get_browser_path():
       ^^^^^^^^^^^^^^^^^^^^^^^^^
C:\Users\sanja\AppData\Local\Programs\Python\Python313\Lib\site-packages\selenium\webdriver\common\driver_finder.py:47: in get_browser_path
    return self._binary_paths()["browser_path"]
           ^^^^^^^^^^^^^^^^^^^^
_ _ _ _ _ _ _ _ _ _ _ _ _ _ _ _ _ _ _ _ _ _ _ _ _ _ _ _ _ _ _ _ _ _ _ _ _ _ _ _

self = &lt;selenium.webdriver.common.driver_finder.DriverFinder object at 0x000001D5CE7BEA50&gt;

    def _binary_paths(self) -&gt; dict:
        if self._paths["driver_path"]:
            return self._paths
    
        browser = self._options.capabilities["browserName"]
        try:
            path = self._service.path
            if path:
                logger.debug(
                    "Skipping Selenium Manager; path to %s driver specified in Service class: %s", browser, path
                )
                if not Path(path).is_file():
                    raise ValueError(f"The path is not a valid file: {path}")
                self._paths["driver_path"] = path
            else:
                output = SeleniumManager().binary_paths(self._to_args())
                if Path(output["driver_path"]).is_file():
                    self._paths["driver_path"] = output["driver_path"]
                else:
                    raise ValueError(f"The driver path is not a valid file: {output['driver_path']}")
                if Path(output["browser_path"]).is_file():
                    self._paths["browser_path"] = output["browser_path"]
                else:
                    raise ValueError(f"The browser path is not a valid file: {output['browser_path']}")
        except Exception as err:
            msg = f"Unable to obtain driver for {browser}"
&gt;           raise NoSuchDriverException(msg) from err
E           selenium.common.exceptions.NoSuchDriverException: Message: Unable to obtain driver for chrome; For documentation on this error, please visit: https://www.selenium.dev/documentation/webdriver/troubleshooting/errors/driver_location

C:\Users\sanja\AppData\Local\Programs\Python\Python313\Lib\site-packages\selenium\webdriver\common\driver_finder.py:78: NoSuchDriverException</error></testcase><testcase classname="tests.test_smoke" name="test_pages_load[/dashboard-Dashboard]" time="0.001"><error message="failed on setup with &quot;selenium.common.exceptions.NoSuchDriverException: Message: Unable to obtain driver for chrome; For documentation on this error, please visit: https://www.selenium.dev/documentation/webdriver/troubleshooting/errors/driver_location&quot;">self = &lt;selenium.webdriver.common.driver_finder.DriverFinder object at 0x000001D5CE7BEA50&gt;

    def _binary_paths(self) -&gt; dict:
        if self._paths["driver_path"]:
            return self._paths
    
        browser = self._options.capabilities["browserName"]
        try:
            path = self._service.path
            if path:
                logger.debug(
                    "Skipping Selenium Manager; path to %s driver specified in Service class: %s", browser, path
                )
                if not Path(path).is_file():
                    raise ValueError(f"The path is not a valid file: {path}")
                self._paths["driver_path"] = path
            else:
&gt;               output = SeleniumManager().binary_paths(self._to_args())
                         ^^^^^^^^^^^^^^^^^^^^^^^^^^^^^^^^^^^^^^^^^^^^^^^

C:\Users\sanja\AppData\Local\Programs\Python\Python313\Lib\site-packages\selenium\webdriver\common\driver_finder.py:67: 
_ _ _ _ _ _ _ _ _ _ _ _ _ _ _ _ _ _ _ _ _ _ _ _ _ _ _ _ _ _ _ _ _ _ _ _ _ _ _ _
C:\Users\sanja\AppData\Local\Programs\Python\Python313\Lib\site-packages\selenium\webdriver\common\selenium_manager.py:55: in binary_paths
    return self._run(args)
           ^^^^^^^^^^^^^^^
_ _ _ _ _ _ _ _ _ _ _ _ _ _ _ _ _ _ _ _ _ _ _ _ _ _ _ _ _ _ _ _ _ _ _ _ _ _ _ _

args = ['C:\\Users\\sanja\\AppData\\Local\\Programs\\Python\\Python313\\Lib\\site-packages\\selenium\\webdriver\\common\\windows\\selenium-manager.exe', '--browser', 'chrome', '--language-binding', 'python', '--output', ...]

    @staticmethod
    def _run(args: list[str]) -&gt; dict:
        """Executes the Selenium Manager Binary.
    
        Args:
            args: the components of the command being executed.
    
        Returns:
            The log string containing the driver location.
        """
        command = " ".join(args)
        logger.debug("Executing process: %s", command)
        try:
            if sys.platform == "win32":
                completed_proc = subprocess.run(args, capture_output=True, creationflags=subprocess.CREATE_NO_WINDOW)
            else:
                completed_proc = subprocess.run(args, capture_output=True)
            stdout = completed_proc.stdout.decode("utf-8").rstrip("\n")
            stderr = completed_proc.stderr.decode("utf-8").rstrip("\n")
            output = json.loads(stdout) if stdout != "" else {"logs": [], "result": {}}
        except Exception as err:
            raise WebDriverException(f"Unsuccessful command executed: {command}") from err
    
        SeleniumManager._process_logs(output["logs"])
        result = output["result"]
        if completed_proc.returncode:
&gt;           raise WebDriverException(
                f"Unsuccessful command executed: {command}; code: {completed_proc.returncode}\n{result}\n{stderr}"
            )
E           selenium.common.exceptions.WebDriverException: Message: Unsuccessful command executed: C:\Users\sanja\AppData\Local\Programs\Python\Python313\Lib\site-packages\selenium\webdriver\common\windows\selenium-manager.exe --browser chrome --language-binding python --output json; code: 65
E           {'code': 65, 'message': 'There is not enough space on the disk. (os error 112)', 'driver_path': '', 'browser_path': ''}

C:\Users\sanja\AppData\Local\Programs\Python\Python313\Lib\site-packages\selenium\webdriver\common\selenium_manager.py:154: WebDriverException

The above exception was the direct cause of the following exception:

    @pytest.fixture(scope="session")
    def driver():
        opts = Options()
        # run headless by default for CI
        if os.environ.get("HEADLESS", "1") == "1":
            opts.add_argument("--headless=new")
        opts.add_argument("--no-sandbox")
        opts.add_argument("--disable-dev-shm-usage")
        opts.add_argument("--window-size=1366,768")
    
&gt;       driver = webdriver.Chrome(options=opts)
                 ^^^^^^^^^^^^^^^^^^^^^^^^^^^^^^

conftest.py:22: 
_ _ _ _ _ _ _ _ _ _ _ _ _ _ _ _ _ _ _ _ _ _ _ _ _ _ _ _ _ _ _ _ _ _ _ _ _ _ _ _
C:\Users\sanja\AppData\Local\Programs\Python\Python313\Lib\site-packages\selenium\webdriver\chrome\webdriver.py:45: in __init__
    super().__init__(
C:\Users\sanja\AppData\Local\Programs\Python\Python313\Lib\site-packages\selenium\webdriver\chromium\webdriver.py:50: in __init__
    if finder.get_browser_path():
       ^^^^^^^^^^^^^^^^^^^^^^^^^
C:\Users\sanja\AppData\Local\Programs\Python\Python313\Lib\site-packages\selenium\webdriver\common\driver_finder.py:47: in get_browser_path
    return self._binary_paths()["browser_path"]
           ^^^^^^^^^^^^^^^^^^^^
_ _ _ _ _ _ _ _ _ _ _ _ _ _ _ _ _ _ _ _ _ _ _ _ _ _ _ _ _ _ _ _ _ _ _ _ _ _ _ _

self = &lt;selenium.webdriver.common.driver_finder.DriverFinder object at 0x000001D5CE7BEA50&gt;

    def _binary_paths(self) -&gt; dict:
        if self._paths["driver_path"]:
            return self._paths
    
        browser = self._options.capabilities["browserName"]
        try:
            path = self._service.path
            if path:
                logger.debug(
                    "Skipping Selenium Manager; path to %s driver specified in Service class: %s", browser, path
                )
                if not Path(path).is_file():
                    raise ValueError(f"The path is not a valid file: {path}")
                self._paths["driver_path"] = path
            else:
                output = SeleniumManager().binary_paths(self._to_args())
                if Path(output["driver_path"]).is_file():
                    self._paths["driver_path"] = output["driver_path"]
                else:
                    raise ValueError(f"The driver path is not a valid file: {output['driver_path']}")
                if Path(output["browser_path"]).is_file():
                    self._paths["browser_path"] = output["browser_path"]
                else:
                    raise ValueError(f"The browser path is not a valid file: {output['browser_path']}")
        except Exception as err:
            msg = f"Unable to obtain driver for {browser}"
&gt;           raise NoSuchDriverException(msg) from err
E           selenium.common.exceptions.NoSuchDriverException: Message: Unable to obtain driver for chrome; For documentation on this error, please visit: https://www.selenium.dev/documentation/webdriver/troubleshooting/errors/driver_location

C:\Users\sanja\AppData\Local\Programs\Python\Python313\Lib\site-packages\selenium\webdriver\common\driver_finder.py:78: NoSuchDriverException</error></testcase></testsuite></testsuites>